Compiled jquery.js  (45ms)  (pid 879)
Compiled jquery_ujs.js  (0ms)  (pid 879)
Compiled bootstrap-transition.js  (1ms)  (pid 879)
Compiled bootstrap-alert.js  (0ms)  (pid 879)
Compiled bootstrap-button.js  (0ms)  (pid 879)
Compiled bootstrap-carousel.js  (0ms)  (pid 879)
Compiled bootstrap-collapse.js  (0ms)  (pid 879)
Compiled bootstrap-dropdown.js  (0ms)  (pid 879)
Compiled bootstrap-modal.js  (0ms)  (pid 879)
Compiled bootstrap-scrollspy.js  (1ms)  (pid 879)
Compiled bootstrap-tab.js  (1ms)  (pid 879)
Compiled bootstrap-tooltip.js  (0ms)  (pid 879)
Compiled bootstrap-popover.js  (0ms)  (pid 879)
Compiled bootstrap-typeahead.js  (0ms)  (pid 879)
Compiled bootstrap.js  (246ms)  (pid 879)
Compiled static.js  (1293ms)  (pid 879)
Compiled application.js  (1742ms)  (pid 879)
Compiled custom.css  (5044ms)  (pid 879)
Compiled static.css  (26ms)  (pid 879)
Compiled application.css  (5363ms)  (pid 879)
Compiled jquery.js  (11ms)  (pid 879)
Compiled jquery_ujs.js  (0ms)  (pid 879)
Compiled bootstrap-transition.js  (0ms)  (pid 879)
Compiled bootstrap-alert.js  (0ms)  (pid 879)
Compiled bootstrap-button.js  (0ms)  (pid 879)
Compiled bootstrap-carousel.js  (1ms)  (pid 879)
Compiled bootstrap-collapse.js  (0ms)  (pid 879)
Compiled bootstrap-dropdown.js  (0ms)  (pid 879)
Compiled bootstrap-modal.js  (0ms)  (pid 879)
Compiled bootstrap-scrollspy.js  (0ms)  (pid 879)
Compiled bootstrap-tab.js  (0ms)  (pid 879)
Compiled bootstrap-tooltip.js  (0ms)  (pid 879)
Compiled bootstrap-popover.js  (0ms)  (pid 879)
Compiled bootstrap-typeahead.js  (0ms)  (pid 879)
Compiled bootstrap.js  (211ms)  (pid 879)
Compiled static.js  (664ms)  (pid 879)
Compiled application.js  (1092ms)  (pid 879)
Compiled custom.css  (4607ms)  (pid 879)
Compiled static.css  (2ms)  (pid 879)
Compiled application.css  (4712ms)  (pid 879)
Compiled jquery.js  (9ms)  (pid 1334)
Compiled jquery_ujs.js  (1ms)  (pid 1334)
Compiled bootstrap-transition.js  (0ms)  (pid 1334)
Compiled bootstrap-alert.js  (0ms)  (pid 1334)
Compiled bootstrap-button.js  (0ms)  (pid 1334)
Compiled bootstrap-carousel.js  (0ms)  (pid 1334)
Compiled bootstrap-collapse.js  (0ms)  (pid 1334)
Compiled bootstrap-dropdown.js  (1ms)  (pid 1334)
Compiled bootstrap-modal.js  (0ms)  (pid 1334)
Compiled bootstrap-scrollspy.js  (5ms)  (pid 1334)
Compiled bootstrap-tab.js  (0ms)  (pid 1334)
Compiled bootstrap-tooltip.js  (1ms)  (pid 1334)
Compiled bootstrap-popover.js  (3ms)  (pid 1334)
Compiled bootstrap-typeahead.js  (0ms)  (pid 1334)
Compiled bootstrap.js  (1187ms)  (pid 1334)
Compiled static.js  (15779ms)  (pid 1334)
Compiled application.js  (18800ms)  (pid 1334)
Compiled custom.css  (7301ms)  (pid 1334)
Compiled static.css  (3ms)  (pid 1334)
Compiled application.css  (7585ms)  (pid 1334)
Compiled jquery.js  (10ms)  (pid 1334)
Compiled jquery_ujs.js  (0ms)  (pid 1334)
Compiled bootstrap-transition.js  (0ms)  (pid 1334)
Compiled bootstrap-alert.js  (0ms)  (pid 1334)
Compiled bootstrap-button.js  (0ms)  (pid 1334)
Compiled bootstrap-carousel.js  (0ms)  (pid 1334)
Compiled bootstrap-collapse.js  (0ms)  (pid 1334)
Compiled bootstrap-dropdown.js  (0ms)  (pid 1334)
Compiled bootstrap-modal.js  (1ms)  (pid 1334)
Compiled bootstrap-scrollspy.js  (0ms)  (pid 1334)
Compiled bootstrap-tab.js  (0ms)  (pid 1334)
Compiled bootstrap-tooltip.js  (58ms)  (pid 1334)
Compiled bootstrap-popover.js  (0ms)  (pid 1334)
Compiled bootstrap-typeahead.js  (1ms)  (pid 1334)
Compiled bootstrap.js  (283ms)  (pid 1334)
Compiled static.js  (1048ms)  (pid 1334)
Compiled application.js  (1716ms)  (pid 1334)
Compiled custom.css  (3925ms)  (pid 1334)
Compiled static.css  (3ms)  (pid 1334)
Compiled application.css  (4066ms)  (pid 1334)
Compiled jquery.js  (9ms)  (pid 1370)
Compiled jquery_ujs.js  (0ms)  (pid 1370)
Compiled bootstrap-transition.js  (1ms)  (pid 1370)
Compiled bootstrap-alert.js  (0ms)  (pid 1370)
Compiled bootstrap-button.js  (0ms)  (pid 1370)
Compiled bootstrap-carousel.js  (1ms)  (pid 1370)
Compiled bootstrap-collapse.js  (1ms)  (pid 1370)
Compiled bootstrap-dropdown.js  (0ms)  (pid 1370)
Compiled bootstrap-modal.js  (1ms)  (pid 1370)
Compiled bootstrap-scrollspy.js  (1ms)  (pid 1370)
Compiled bootstrap-tab.js  (0ms)  (pid 1370)
Compiled bootstrap-tooltip.js  (0ms)  (pid 1370)
Compiled bootstrap-popover.js  (0ms)  (pid 1370)
Compiled bootstrap-typeahead.js  (0ms)  (pid 1370)
Compiled bootstrap.js  (1747ms)  (pid 1370)
Compiled static.js  (5863ms)  (pid 1370)
Compiled application.js  (7879ms)  (pid 1370)
Compiled custom.css  (4194ms)  (pid 1370)
Compiled static.css  (4ms)  (pid 1370)
Compiled application.css  (4320ms)  (pid 1370)
Compiled jquery.js  (9ms)  (pid 1370)
Compiled jquery_ujs.js  (1ms)  (pid 1370)
Compiled bootstrap-transition.js  (0ms)  (pid 1370)
Compiled bootstrap-alert.js  (0ms)  (pid 1370)
Compiled bootstrap-button.js  (5ms)  (pid 1370)
Compiled bootstrap-carousel.js  (1ms)  (pid 1370)
Compiled bootstrap-collapse.js  (0ms)  (pid 1370)
Compiled bootstrap-dropdown.js  (0ms)  (pid 1370)
Compiled bootstrap-modal.js  (0ms)  (pid 1370)
Compiled bootstrap-scrollspy.js  (4ms)  (pid 1370)
Compiled bootstrap-tab.js  (0ms)  (pid 1370)
Compiled bootstrap-tooltip.js  (0ms)  (pid 1370)
Compiled bootstrap-popover.js  (0ms)  (pid 1370)
Compiled bootstrap-typeahead.js  (0ms)  (pid 1370)
Compiled bootstrap.js  (272ms)  (pid 1370)
Compiled static.js  (555ms)  (pid 1370)
Compiled application.js  (955ms)  (pid 1370)
Compiled custom.css  (4145ms)  (pid 1370)
Compiled static.css  (2ms)  (pid 1370)
Compiled application.css  (4219ms)  (pid 1370)
Compiled jquery.js  (9ms)  (pid 1406)
Compiled jquery_ujs.js  (0ms)  (pid 1406)
Compiled bootstrap-transition.js  (0ms)  (pid 1406)
Compiled bootstrap-alert.js  (0ms)  (pid 1406)
Compiled bootstrap-button.js  (0ms)  (pid 1406)
Compiled bootstrap-carousel.js  (0ms)  (pid 1406)
Compiled bootstrap-collapse.js  (0ms)  (pid 1406)
Compiled bootstrap-dropdown.js  (0ms)  (pid 1406)
Compiled bootstrap-modal.js  (1ms)  (pid 1406)
Compiled bootstrap-scrollspy.js  (0ms)  (pid 1406)
Compiled bootstrap-tab.js  (8ms)  (pid 1406)
Compiled bootstrap-tooltip.js  (0ms)  (pid 1406)
Compiled bootstrap-popover.js  (0ms)  (pid 1406)
Compiled bootstrap-typeahead.js  (0ms)  (pid 1406)
Compiled bootstrap.js  (755ms)  (pid 1406)
Compiled static.js  (21455ms)  (pid 1406)
Compiled application.js  (23247ms)  (pid 1406)
Compiled custom.css  (5571ms)  (pid 1406)
Compiled static.css  (3ms)  (pid 1406)
Compiled application.css  (5734ms)  (pid 1406)
Compiled jquery.js  (9ms)  (pid 1406)
Compiled jquery_ujs.js  (0ms)  (pid 1406)
Compiled bootstrap-transition.js  (0ms)  (pid 1406)
Compiled bootstrap-alert.js  (0ms)  (pid 1406)
Compiled bootstrap-button.js  (0ms)  (pid 1406)
Compiled bootstrap-carousel.js  (0ms)  (pid 1406)
Compiled bootstrap-collapse.js  (0ms)  (pid 1406)
Compiled bootstrap-dropdown.js  (0ms)  (pid 1406)
Compiled bootstrap-modal.js  (0ms)  (pid 1406)
Compiled bootstrap-scrollspy.js  (0ms)  (pid 1406)
Compiled bootstrap-tab.js  (0ms)  (pid 1406)
Compiled bootstrap-tooltip.js  (0ms)  (pid 1406)
Compiled bootstrap-popover.js  (0ms)  (pid 1406)
Compiled bootstrap-typeahead.js  (0ms)  (pid 1406)
Compiled bootstrap.js  (281ms)  (pid 1406)
Compiled static.js  (546ms)  (pid 1406)
Compiled application.js  (977ms)  (pid 1406)
Compiled custom.css  (5222ms)  (pid 1406)
Compiled static.css  (6ms)  (pid 1406)
Compiled application.css  (5294ms)  (pid 1406)
Compiled jquery.js  (9ms)  (pid 1441)
Compiled jquery_ujs.js  (1ms)  (pid 1441)
Compiled bootstrap-transition.js  (0ms)  (pid 1441)
Compiled bootstrap-alert.js  (1ms)  (pid 1441)
Compiled bootstrap-button.js  (0ms)  (pid 1441)
Compiled bootstrap-carousel.js  (0ms)  (pid 1441)
Compiled bootstrap-collapse.js  (0ms)  (pid 1441)
Compiled bootstrap-dropdown.js  (3ms)  (pid 1441)
Compiled bootstrap-modal.js  (1ms)  (pid 1441)
Compiled bootstrap-scrollspy.js  (1ms)  (pid 1441)
Compiled bootstrap-tab.js  (0ms)  (pid 1441)
Compiled bootstrap-tooltip.js  (0ms)  (pid 1441)
Compiled bootstrap-popover.js  (0ms)  (pid 1441)
Compiled bootstrap-typeahead.js  (0ms)  (pid 1441)
Compiled bootstrap.js  (1437ms)  (pid 1441)
Compiled static.js  (4183ms)  (pid 1441)
Compiled application.js  (5865ms)  (pid 1441)
Compiled custom.css  (4149ms)  (pid 1441)
Compiled static.css  (3ms)  (pid 1441)
Compiled application.css  (4367ms)  (pid 1441)
Compiled jquery.js  (10ms)  (pid 1441)
Compiled jquery_ujs.js  (0ms)  (pid 1441)
Compiled bootstrap-transition.js  (0ms)  (pid 1441)
Compiled bootstrap-alert.js  (0ms)  (pid 1441)
Compiled bootstrap-button.js  (1ms)  (pid 1441)
Compiled bootstrap-carousel.js  (0ms)  (pid 1441)
Compiled bootstrap-collapse.js  (1ms)  (pid 1441)
Compiled bootstrap-dropdown.js  (0ms)  (pid 1441)
Compiled bootstrap-modal.js  (0ms)  (pid 1441)
Compiled bootstrap-scrollspy.js  (0ms)  (pid 1441)
Compiled bootstrap-tab.js  (0ms)  (pid 1441)
Compiled bootstrap-tooltip.js  (0ms)  (pid 1441)
Compiled bootstrap-popover.js  (0ms)  (pid 1441)
Compiled bootstrap-typeahead.js  (0ms)  (pid 1441)
Compiled bootstrap.js  (329ms)  (pid 1441)
Compiled static.js  (429ms)  (pid 1441)
Compiled application.js  (937ms)  (pid 1441)
Compiled custom.css  (5900ms)  (pid 1441)
Compiled static.css  (3ms)  (pid 1441)
Compiled application.css  (6004ms)  (pid 1441)
Compiled jquery.js  (9ms)  (pid 1346)
Compiled jquery_ujs.js  (0ms)  (pid 1346)
Compiled bootstrap-transition.js  (0ms)  (pid 1346)
Compiled bootstrap-alert.js  (0ms)  (pid 1346)
Compiled bootstrap-button.js  (0ms)  (pid 1346)
Compiled bootstrap-carousel.js  (0ms)  (pid 1346)
Compiled bootstrap-collapse.js  (0ms)  (pid 1346)
Compiled bootstrap-dropdown.js  (0ms)  (pid 1346)
Compiled bootstrap-modal.js  (0ms)  (pid 1346)
Compiled bootstrap-scrollspy.js  (0ms)  (pid 1346)
Compiled bootstrap-tab.js  (0ms)  (pid 1346)
Compiled bootstrap-tooltip.js  (0ms)  (pid 1346)
Compiled bootstrap-popover.js  (1ms)  (pid 1346)
Compiled bootstrap-typeahead.js  (1ms)  (pid 1346)
Compiled bootstrap.js  (289ms)  (pid 1346)
Compiled about.js  (2664ms)  (pid 1346)
Compiled contact.js  (181ms)  (pid 1346)
Compiled services.js  (953ms)  (pid 1346)
Compiled static.js  (185ms)  (pid 1346)
Compiled team.js  (184ms)  (pid 1346)
Compiled application.js  (5658ms)  (pid 1346)
Compiled about.css  (358ms)  (pid 1346)
Compiled contact.css  (4ms)  (pid 1346)
Compiled custom.css  (5350ms)  (pid 1346)
Compiled services.css  (3ms)  (pid 1346)
Compiled static.css  (2ms)  (pid 1346)
Compiled team.css  (2ms)  (pid 1346)
Compiled application.css  (5930ms)  (pid 1346)
Compiled jquery.js  (8ms)  (pid 1346)
Compiled jquery_ujs.js  (0ms)  (pid 1346)
Compiled bootstrap-transition.js  (0ms)  (pid 1346)
Compiled bootstrap-alert.js  (0ms)  (pid 1346)
Compiled bootstrap-button.js  (0ms)  (pid 1346)
Compiled bootstrap-carousel.js  (0ms)  (pid 1346)
Compiled bootstrap-collapse.js  (0ms)  (pid 1346)
Compiled bootstrap-dropdown.js  (0ms)  (pid 1346)
Compiled bootstrap-modal.js  (0ms)  (pid 1346)
Compiled bootstrap-scrollspy.js  (0ms)  (pid 1346)
Compiled bootstrap-tab.js  (0ms)  (pid 1346)
Compiled bootstrap-tooltip.js  (0ms)  (pid 1346)
Compiled bootstrap-popover.js  (0ms)  (pid 1346)
Compiled bootstrap-typeahead.js  (0ms)  (pid 1346)
Compiled bootstrap.js  (200ms)  (pid 1346)
Compiled about.js  (418ms)  (pid 1346)
Compiled contact.js  (233ms)  (pid 1346)
Compiled services.js  (177ms)  (pid 1346)
Compiled static.js  (237ms)  (pid 1346)
Compiled team.js  (187ms)  (pid 1346)
Compiled application.js  (1619ms)  (pid 1346)
Compiled about.css  (78ms)  (pid 1346)
Compiled contact.css  (2ms)  (pid 1346)
Compiled custom.css  (3352ms)  (pid 1346)
Compiled services.css  (3ms)  (pid 1346)
Compiled static.css  (2ms)  (pid 1346)
Compiled team.css  (2ms)  (pid 1346)
Compiled application.css  (3548ms)  (pid 1346)
Compiled jquery.js  (8ms)  (pid 1556)
Compiled jquery_ujs.js  (0ms)  (pid 1556)
Compiled bootstrap-transition.js  (0ms)  (pid 1556)
Compiled bootstrap-alert.js  (0ms)  (pid 1556)
Compiled bootstrap-button.js  (0ms)  (pid 1556)
Compiled bootstrap-carousel.js  (0ms)  (pid 1556)
Compiled bootstrap-collapse.js  (0ms)  (pid 1556)
Compiled bootstrap-dropdown.js  (0ms)  (pid 1556)
Compiled bootstrap-modal.js  (1ms)  (pid 1556)
Compiled bootstrap-scrollspy.js  (0ms)  (pid 1556)
Compiled bootstrap-tab.js  (0ms)  (pid 1556)
Compiled bootstrap-tooltip.js  (0ms)  (pid 1556)
Compiled bootstrap-popover.js  (0ms)  (pid 1556)
Compiled bootstrap-typeahead.js  (0ms)  (pid 1556)
Compiled bootstrap.js  (273ms)  (pid 1556)
Compiled about.js  (2971ms)  (pid 1556)
Compiled contact.js  (253ms)  (pid 1556)
Compiled services.js  (362ms)  (pid 1556)
Compiled static.js  (203ms)  (pid 1556)
Compiled team.js  (191ms)  (pid 1556)
Compiled application.js  (4641ms)  (pid 1556)
Compiled about.css  (180ms)  (pid 1556)
Compiled contact.css  (3ms)  (pid 1556)
Compiled custom.css  (4393ms)  (pid 1556)
Compiled services.css  (108ms)  (pid 1556)
Compiled static.css  (2ms)  (pid 1556)
Compiled team.css  (2ms)  (pid 1556)
Compiled application.css  (4996ms)  (pid 1556)
Compiled jquery.js  (10ms)  (pid 1556)
Compiled jquery_ujs.js  (0ms)  (pid 1556)
Compiled bootstrap-transition.js  (0ms)  (pid 1556)
Compiled bootstrap-alert.js  (0ms)  (pid 1556)
Compiled bootstrap-button.js  (0ms)  (pid 1556)
Compiled bootstrap-carousel.js  (0ms)  (pid 1556)
Compiled bootstrap-collapse.js  (0ms)  (pid 1556)
Compiled bootstrap-dropdown.js  (0ms)  (pid 1556)
Compiled bootstrap-modal.js  (0ms)  (pid 1556)
Compiled bootstrap-scrollspy.js  (0ms)  (pid 1556)
Compiled bootstrap-tab.js  (0ms)  (pid 1556)
Compiled bootstrap-tooltip.js  (0ms)  (pid 1556)
Compiled bootstrap-popover.js  (0ms)  (pid 1556)
Compiled bootstrap-typeahead.js  (0ms)  (pid 1556)
Compiled bootstrap.js  (214ms)  (pid 1556)
Compiled about.js  (392ms)  (pid 1556)
Compiled contact.js  (169ms)  (pid 1556)
Compiled services.js  (161ms)  (pid 1556)
Compiled static.js  (218ms)  (pid 1556)
Compiled team.js  (162ms)  (pid 1556)
Compiled application.js  (1458ms)  (pid 1556)
Compiled about.css  (75ms)  (pid 1556)
Compiled contact.css  (3ms)  (pid 1556)
Compiled custom.css  (3750ms)  (pid 1556)
Compiled services.css  (2ms)  (pid 1556)
Compiled static.css  (2ms)  (pid 1556)
Compiled team.css  (2ms)  (pid 1556)
Compiled application.css  (3933ms)  (pid 1556)
Compiled jquery.js  (9ms)  (pid 549)
Compiled jquery_ujs.js  (0ms)  (pid 549)
Compiled bootstrap-transition.js  (0ms)  (pid 549)
Compiled bootstrap-alert.js  (0ms)  (pid 549)
Compiled bootstrap-button.js  (0ms)  (pid 549)
Compiled bootstrap-carousel.js  (0ms)  (pid 549)
Compiled bootstrap-collapse.js  (0ms)  (pid 549)
Compiled bootstrap-dropdown.js  (1ms)  (pid 549)
Compiled bootstrap-modal.js  (1ms)  (pid 549)
Compiled bootstrap-scrollspy.js  (1ms)  (pid 549)
Compiled bootstrap-tab.js  (1ms)  (pid 549)
Compiled bootstrap-tooltip.js  (0ms)  (pid 549)
Compiled bootstrap-popover.js  (2ms)  (pid 549)
Compiled bootstrap-typeahead.js  (1ms)  (pid 549)
Compiled bootstrap.js  (1207ms)  (pid 549)
Compiled about.js  (1245ms)  (pid 549)
Compiled contact.js  (225ms)  (pid 549)
Compiled services.js  (362ms)  (pid 549)
Compiled static.js  (185ms)  (pid 549)
Compiled team.js  (212ms)  (pid 549)
Compiled application.js  (3820ms)  (pid 549)
Compiled about.css  (305ms)  (pid 549)
Compiled contact.css  (4ms)  (pid 549)
Compiled custom.css  (8905ms)  (pid 549)
Compiled services.css  (4ms)  (pid 549)
Compiled static.css  (9ms)  (pid 549)
Compiled team.css  (39ms)  (pid 549)
Compiled application.css  (9652ms)  (pid 549)
Compiled jquery.js  (9ms)  (pid 549)
Compiled jquery_ujs.js  (0ms)  (pid 549)
Compiled bootstrap-transition.js  (0ms)  (pid 549)
Compiled bootstrap-alert.js  (0ms)  (pid 549)
Compiled bootstrap-button.js  (0ms)  (pid 549)
Compiled bootstrap-carousel.js  (1ms)  (pid 549)
Compiled bootstrap-collapse.js  (0ms)  (pid 549)
Compiled bootstrap-dropdown.js  (1ms)  (pid 549)
Compiled bootstrap-modal.js  (1ms)  (pid 549)
Compiled bootstrap-scrollspy.js  (0ms)  (pid 549)
Compiled bootstrap-tab.js  (0ms)  (pid 549)
Compiled bootstrap-tooltip.js  (0ms)  (pid 549)
Compiled bootstrap-popover.js  (0ms)  (pid 549)
Compiled bootstrap-typeahead.js  (0ms)  (pid 549)
Compiled bootstrap.js  (369ms)  (pid 549)
Compiled about.js  (449ms)  (pid 549)
Compiled contact.js  (202ms)  (pid 549)
Compiled services.js  (198ms)  (pid 549)
Compiled static.js  (268ms)  (pid 549)
Compiled team.js  (200ms)  (pid 549)
Compiled application.js  (1885ms)  (pid 549)
Compiled about.css  (101ms)  (pid 549)
Compiled contact.css  (3ms)  (pid 549)
Compiled custom.css  (6327ms)  (pid 549)
Compiled services.css  (2ms)  (pid 549)
Compiled static.css  (2ms)  (pid 549)
Compiled team.css  (2ms)  (pid 549)
Compiled application.css  (6639ms)  (pid 549)
Compiled jquery.js  (9ms)  (pid 1327)
Compiled jquery_ujs.js  (0ms)  (pid 1327)
Compiled bootstrap-transition.js  (0ms)  (pid 1327)
Compiled bootstrap-alert.js  (1ms)  (pid 1327)
Compiled bootstrap-button.js  (0ms)  (pid 1327)
Compiled bootstrap-carousel.js  (0ms)  (pid 1327)
Compiled bootstrap-collapse.js  (0ms)  (pid 1327)
Compiled bootstrap-dropdown.js  (0ms)  (pid 1327)
Compiled bootstrap-modal.js  (1ms)  (pid 1327)
Compiled bootstrap-scrollspy.js  (0ms)  (pid 1327)
Compiled bootstrap-tab.js  (0ms)  (pid 1327)
Compiled bootstrap-tooltip.js  (0ms)  (pid 1327)
Compiled bootstrap-popover.js  (3ms)  (pid 1327)
Compiled bootstrap-typeahead.js  (0ms)  (pid 1327)
Compiled bootstrap.js  (695ms)  (pid 1327)
Compiled about.js  (4062ms)  (pid 1327)
Compiled contact.js  (187ms)  (pid 1327)
Compiled services.js  (223ms)  (pid 1327)
Compiled static.js  (210ms)  (pid 1327)
Compiled team.js  (207ms)  (pid 1327)
Compiled application.js  (6487ms)  (pid 1327)
Compiled about.css  (125ms)  (pid 1327)
Compiled contact.css  (3ms)  (pid 1327)
Compiled custom.css  (4938ms)  (pid 1327)
Compiled services.css  (3ms)  (pid 1327)
Compiled static.css  (3ms)  (pid 1327)
Compiled team.css  (4ms)  (pid 1327)
Compiled application.css  (5304ms)  (pid 1327)
Compiled jquery.js  (15ms)  (pid 1327)
Compiled jquery_ujs.js  (0ms)  (pid 1327)
Compiled bootstrap-transition.js  (0ms)  (pid 1327)
Compiled bootstrap-alert.js  (0ms)  (pid 1327)
Compiled bootstrap-button.js  (1ms)  (pid 1327)
Compiled bootstrap-carousel.js  (0ms)  (pid 1327)
Compiled bootstrap-collapse.js  (0ms)  (pid 1327)
Compiled bootstrap-dropdown.js  (0ms)  (pid 1327)
Compiled bootstrap-modal.js  (1ms)  (pid 1327)
Compiled bootstrap-scrollspy.js  (0ms)  (pid 1327)
Compiled bootstrap-tab.js  (1ms)  (pid 1327)
Compiled bootstrap-tooltip.js  (0ms)  (pid 1327)
Compiled bootstrap-popover.js  (0ms)  (pid 1327)
Compiled bootstrap-typeahead.js  (0ms)  (pid 1327)
Compiled bootstrap.js  (284ms)  (pid 1327)
Compiled about.js  (563ms)  (pid 1327)
Compiled contact.js  (286ms)  (pid 1327)
Compiled services.js  (225ms)  (pid 1327)
Compiled static.js  (250ms)  (pid 1327)
Compiled team.js  (228ms)  (pid 1327)
Compiled application.js  (2629ms)  (pid 1327)
Compiled about.css  (104ms)  (pid 1327)
Compiled contact.css  (2ms)  (pid 1327)
Compiled custom.css  (5297ms)  (pid 1327)
Compiled services.css  (3ms)  (pid 1327)
Compiled static.css  (2ms)  (pid 1327)
Compiled team.css  (2ms)  (pid 1327)
Compiled application.css  (5565ms)  (pid 1327)
Compiled jquery.js  (9ms)  (pid 768)
Compiled jquery_ujs.js  (1ms)  (pid 768)
Compiled bootstrap-transition.js  (0ms)  (pid 768)
Compiled bootstrap-alert.js  (1ms)  (pid 768)
Compiled bootstrap-button.js  (0ms)  (pid 768)
Compiled bootstrap-carousel.js  (0ms)  (pid 768)
Compiled bootstrap-collapse.js  (1ms)  (pid 768)
Compiled bootstrap-dropdown.js  (1ms)  (pid 768)
Compiled bootstrap-modal.js  (1ms)  (pid 768)
Compiled bootstrap-scrollspy.js  (1ms)  (pid 768)
Compiled bootstrap-tab.js  (1ms)  (pid 768)
Compiled bootstrap-tooltip.js  (1ms)  (pid 768)
Compiled bootstrap-popover.js  (0ms)  (pid 768)
Compiled bootstrap-typeahead.js  (1ms)  (pid 768)
Compiled bootstrap.js  (1912ms)  (pid 768)
Compiled about.js  (1808ms)  (pid 768)
Compiled contact.js  (189ms)  (pid 768)
Compiled services.js  (170ms)  (pid 768)
Compiled static.js  (189ms)  (pid 768)
Compiled team.js  (171ms)  (pid 768)
Compiled application.js  (5422ms)  (pid 768)
Compiled about.css  (110ms)  (pid 768)
Compiled contact.css  (3ms)  (pid 768)
Compiled custom.css  (4273ms)  (pid 768)
Compiled services.css  (3ms)  (pid 768)
Compiled static.css  (2ms)  (pid 768)
Compiled team.css  (2ms)  (pid 768)
Compiled application.css  (4677ms)  (pid 768)
Compiled jquery.js  (9ms)  (pid 768)
Compiled jquery_ujs.js  (0ms)  (pid 768)
Compiled bootstrap-transition.js  (0ms)  (pid 768)
Compiled bootstrap-alert.js  (0ms)  (pid 768)
Compiled bootstrap-button.js  (1ms)  (pid 768)
Compiled bootstrap-carousel.js  (0ms)  (pid 768)
Compiled bootstrap-collapse.js  (0ms)  (pid 768)
Compiled bootstrap-dropdown.js  (1ms)  (pid 768)
Compiled bootstrap-modal.js  (0ms)  (pid 768)
Compiled bootstrap-scrollspy.js  (0ms)  (pid 768)
Compiled bootstrap-tab.js  (0ms)  (pid 768)
Compiled bootstrap-tooltip.js  (0ms)  (pid 768)
Compiled bootstrap-popover.js  (0ms)  (pid 768)
Compiled bootstrap-typeahead.js  (0ms)  (pid 768)
Compiled bootstrap.js  (292ms)  (pid 768)
Compiled about.js  (338ms)  (pid 768)
Compiled contact.js  (230ms)  (pid 768)
Compiled services.js  (163ms)  (pid 768)
Compiled static.js  (162ms)  (pid 768)
Compiled team.js  (160ms)  (pid 768)
Compiled application.js  (1525ms)  (pid 768)
Compiled about.css  (68ms)  (pid 768)
Compiled contact.css  (2ms)  (pid 768)
Compiled custom.css  (3457ms)  (pid 768)
Compiled services.css  (3ms)  (pid 768)
Compiled static.css  (2ms)  (pid 768)
Compiled team.css  (2ms)  (pid 768)
Compiled application.css  (3632ms)  (pid 768)
